{"/home/matheus/Estudos/setup-node-js/src/services/sayHelloWorld.js": {"path":"/home/matheus/Estudos/setup-node-js/src/services/sayHelloWorld.js","all":false,"statementMap":{"0":{"start":{"line":1,"column":0},"end":{"line":1,"column":33}},"1":{"start":{"line":2,"column":0},"end":{"line":2,"column":46}},"2":{"start":{"line":3,"column":0},"end":{"line":3,"column":1}}},"s":{"0":1,"1":2,"2":2},"branchMap":{"0":{"type":"branch","line":1,"loc":{"start":{"line":1,"column":19},"end":{"line":3,"column":1}},"locations":[{"start":{"line":1,"column":19},"end":{"line":3,"column":1}}]},"1":{"type":"branch","line":2,"loc":{"start":{"line":2,"column":24},"end":{"line":2,"column":36}},"locations":[{"start":{"line":2,"column":24},"end":{"line":2,"column":36}}]},"2":{"type":"branch","line":2,"loc":{"start":{"line":2,"column":24},"end":{"line":2,"column":44}},"locations":[{"start":{"line":2,"column":24},"end":{"line":2,"column":44}}]}},"b":{"0":[2],"1":[1],"2":[1]},"fnMap":{"0":{"name":"Object.<anonymous>.exports.sayHello","decl":{"start":{"line":1,"column":19},"end":{"line":3,"column":1}},"loc":{"start":{"line":1,"column":19},"end":{"line":3,"column":1}},"line":1}},"f":{"0":2}}
}
